web3 connected!
Contract created success, used 31,134,307 gas
A0 x = 3568144220204509118478921675823662667169602760521609354275618039253707522011589323861443770599119599305497514064133327377653067067440529858301992739631508128559036191812986666617143213376030717829364175148449138433656873118075278726208302307494090037692966229592275805279185140896851328585666828644396718847300190086804022813279308519214748648626184021771951985026199018982215754844270295146313548765926593548209044825392246603472153955486791992902678377842166139852408463456308981090462871177914001441209519578126958475353107793790457591982095582903301507390101818735002095924857952566984180763226458797148408255018
A1 x = 7456743368801621428211121972113618630913405339046827974403816129239511410509827279509475089146499153022114314506996953269081350393810206933831005521168573486737279183413693796098723573589777340119723783479667436288967140212676921295085144745810539231214480069082473406122994121384852348840633264172479202142707700131185020218858042773669066678167222089227876478373540605826497067619234312135607119535197707954505802847256256218279529305606855093291938028540662379422438625557407237772543121632673365046405651099961211611937658858441695604089175865564799762881798817972565330679337653280080888560418428775975366022611

Phase 1 auctioneer initialization:
A0 success, used 4,886,564 gas
A1 success, used 4,958,011 gas
Phase 1 success

Phase 2 bidder join:
B0 bid_price_j = 0 success, used 17,577,416 gas
B1 bid_price_j = 2 success, used 17,591,760 gas
B2 bid_price_j = 4 success, used 17,595,496 gas
Wait for phase 2 ends:
wait 8.00 sec
Phase 2 failed

Phase 3.1 bidder verification sum 1:
A0 success, used 28,212,965 gas
A1 success, used 27,982,521 gas
Phase 3.2.1 bidder verification 01 omega:
A1 success, used 459,641,803 gas
Phase 3.2.2 bidder verification 01 dec:
A0 success, used 295,148,249 gas
A1 success, used 330,317,778 gas
Phase 3 success

Phase 4.1 second highest bid decision omega:
A1 success, used 155,004,540 gas
Phase 4.2 second highest bid decision dec:
(0, 2, 5)
A0 success, used 22,344,019 gas
A1 success, used 22,601,748 gas
(2, 3, 5)
A0 success, used 22,323,932 gas
A1 success, used 22,489,957 gas
(2, 2, 3)
Phase 4 success

Phase 5 winner decision:
A0 success, used 35,730,580 gas
A1 success, used 35,374,460 gas
Phase 5 success

winnerI = 2
 B 0  B 1 [B 2]
   0 [  2]   4 
price = [1, 2, 3, 4, 5]
Phase 6 payment:
B2 payed = 3 success, used 16,253,700 gas
Phase 6 failed

A0 used 408,646,309 gas
A1 used 1,058,370,818 gas
B0 used 17,577,416 gas
B1 used 17,591,760 gas
B2 used 33,849,196 gas
