web3 connected!
Contract created success, used 31,430,303 gas
A0 x = 2439963806609575763766360011905605050148283751030168357733977244272897410989112569437538842026112563718311783631241990487057014688847966521749635333314547822027038106502240472027695858436994602005233110151769152668268179662070633643394654441584277185350733864177632646135756593120025612634301156045366057528271206884005102584158443788884294090668631896784876600753631651388388833492557500533715752798582518741301128892418011018653955681209834418004679401453507390377002007391637180345106507439352755510799014225150716344040282223493504104877223760358990711877237342570397254529796925118575230275045562071017709458137911120380286990811479043970604929800947703544317833415417089175215010191196945894469053720200730847978033316071417681484770649216464357705656845939943637293333897081986204655864140311159800908108421068812779131018333901965057658158695515976833174441986259730244062832655123852198916975034799724833374128448337
A1 x = 1633091332655206028091879067437126619756614770755364091568428483822865587015266993711617681909280907391473285794754749788387249752270623514825635522854966603892566520494513198212141797254438477173008333834671785389558380430306150967871422634327857987144258307858219190500139761361585691587090661358254517239942954500434460669888335080337852831669158285069423750630627475473308655703016417628235191946112212101780315267272579974372273751347859925732163690586108168313536608622438139055999198726950363977377949643698806647527474283239990787864145083361741889682248363988750018984429814873448564761781131168570883592925675334221974205664265514837868447319089545003365782703158912038940868642866334533885596206957736418536388872116524931470892641383072551889749725876479996772932450448506513409108780955430057317488329831797637986366661556733738073907294823009288421055881834819799045034569004676669593046670948106900977509470253

Phase 1 auctioneer initialization:
A0 success, used 12,432,102 gas
A1 success, used 12,518,459 gas
Phase 1 success

Phase 2 bidder join:
B0 bid_price_j = 0 success, used 24,216,765 gas
B1 bid_price_j = 2 success, used 24,251,643 gas
B2 bid_price_j = 4 success, used 24,243,551 gas
Wait for phase 2 ends:
wait 1.93 sec
Phase 2 failed

Phase 3.1 bidder verification sum 1:
A0 success, used 73,174,405 gas
A1 success, used 72,783,318 gas
Phase 3.2.1 bidder verification 01 omega:
A1 success, used 1,149,226,920 gas
Phase 3.2.2 bidder verification 01 dec:
A0 success, used 749,630,693 gas
A1 success, used 797,262,260 gas
Phase 3 success

Phase 4.1 second highest bid decision omega:
A1 success, used 385,182,258 gas
Phase 4.2 second highest bid decision dec:
(0, 2, 5)
A0 success, used 53,270,488 gas
A1 success, used 53,588,008 gas
(2, 3, 5)
A0 success, used 53,250,295 gas
A1 success, used 53,437,010 gas
(2, 2, 3)
Phase 4 success

Phase 5 winner decision:
A0 success, used 82,791,227 gas
A1 success, used 82,235,046 gas
Phase 5 success

winnerI = 2
 B 0  B 1 [B 2]
   0 [  2]   4 
price = [1, 2, 3, 4, 5]
Phase 6 payment:
B2 payed = 3 success, used 20,898,660 gas
Phase 6 failed

A0 used 1,024,549,210 gas
A1 used 2,606,233,279 gas
B0 used 24,216,765 gas
B1 used 24,251,643 gas
B2 used 45,142,211 gas
