web3 connected!
Contract created success, used 9,092,306 gas
B0 x = 1496806598031695930916524475479169197449853368391000999365849363384595041688735385609096656435944135605380776966227600280608394763974801706987810267173783349021967309932632091033283217513976708443751344869062106181041597174717690997696649447151092719581948132842625390347057470821415221787313910495486919561693637323315404374169147405749513884057569217393687793515039009826389805699834554464178350001945328448382006496144191811959004119926691880123898383905616827584686639913369673082206586224540536024044010008330546219253104604143615524692723565721409369874204372185763738975828052223826425380744889292490571104927459207991100634871021426751531533251832670652373436135717513995579597586513768901620523665912026533487744881602732885891425565328611491357170596246485195469310786424959502094437433618110349826355324142794657789866945735473682502256019097092959151501825008639829968722599297476523890145281397823433968416136028
B1 x = 1083532284742279471792488302015014501136276441694314658479346768415697802050985792122925586305904818470397346207911225753429887767579851214540032522788812649661771622722120678785150459954043912701080016425753000685912561185340476934688427005737155001496227946928081051419649337346577134206235464653269695110997029426071161549481569339998370337674522401472549314291096336121568333891451967160024949867907063775121147140432362876298982960875386010523502360874002694403549609257279349638411393759334901505512361823941946546176814326608528988917616195371073714398787643210898024155157165352813513204907708856117693987498645147775954535776497481281600168839667607497066791749688843318256128385244053091904441585905348240456300671856892806259514458356353026086459564062978251934561861174016298741490072240275709400702966667386307062383202817800734293612348382838157027283243512130394097363206818498102215903890172814274684951416971

Phase 1 bidder init:
B0 success, used 12,344,397 gas
B1 success, used 12,386,761 gas
Wait for phase 1 ends:
wait 4.80 sec
Phase 1 success

Phase 2 bidder submit bid:
B0 bid_price_j = 0 success, used 4,834,833 gas
B1 bid_price_j = 1 success, used 4,862,871 gas
Phase 2 success

Phase 3.1 bidder verification sum 1:
B0 success, used 48,545,684 gas
B1 success, used 48,265,499 gas
Phase 3.2.1 bidder verification 01 omega:
B0 success, used 201,620,998 gas
Phase 3.2.2 bidder verification 01 dec:
B0 success, used 195,905,863 gas
B1 success, used 203,245,578 gas
Phase 3 success

Phase 4.1 second highest bid decision omega:
B0 success, used 101,900,021 gas
Phase 4.2 second highest bid decision dec:
(0, 1, 2)
B0 success, used 49,951,148 gas
B1 success, used 50,128,644 gas
(0, 0, 1)
Phase 4 success

Phase 5 winner decision:
B0 success, used 51,027,599 gas
B1 success, used 50,898,710 gas
Phase 5 success

winnerI = 1
 B 0 [B 1]
[  0]   1 
price = [1, 2]
Phase 6 payment:
B1 payed = 1 success, used 4,815,425 gas
Phase 6 success

B0 used 666,130,543 gas
B1 used 374,603,488 gas
