web3 connected!
Contract created success, used 9,009,135 gas
B0 x = 3683719769532782828187520870967022934275499826157711597941462287797481444700470389910319959655613793404892496146271945657792655867073793295434468634002216766340652979453623321052676521959054403297125786938189526318111964253408791063036210260592527352893512563622457266448497911117629830327487774183686521373315254282208602852428413249855150500344855492548368058223117354991078616572928387637937213832235678428386470630612119597720314049741897556856542159035760274287516043441076736704505935641221775972736920148799771804679090989919458967994429690920893659113195809928723079800266423455154045246099684609032751937469
B1 x = 2230528830924389877649753102833730077329844132971857748516124774589725177177102431235298878957875947363536574795075832441353218748437663356068190310731783515487584669350329896042494374340385290430017893041383709072097176446613962771415536148062590992977338241005426992008723863212249922849549426835732369357008762050056735371694998011406789689896750493088601512545209048981781545741235117149222816529141148997157672818514815498804228930063859759708917996502674912422132185717311756437552851656426922878579264141376603536332414081147565527704405247113324473549673048408052749277719758842792148489844691316350747812614

Phase 1 bidder init:
B0 success, used 4,843,441 gas
B1 success, used 4,865,707 gas
Wait for phase 1 ends:
wait 4.23 sec
Phase 1 success

Phase 2 bidder submit bid:
B0 bid_price_j = 0 success, used 3,525,843 gas
B1 bid_price_j = 1 success, used 3,546,867 gas
Phase 2 success

Phase 3.1 bidder verification sum 1:
B0 success, used 18,652,393 gas
B1 success, used 18,453,446 gas
Phase 3.2.1 bidder verification 01 omega:
B0 success, used 79,845,853 gas
Phase 3.2.2 bidder verification 01 dec:
B0 success, used 75,770,223 gas
B1 success, used 81,232,281 gas
Phase 3 success

Phase 4.1 second highest bid decision omega:
B0 success, used 40,792,994 gas
Phase 4.2 second highest bid decision dec:
(0, 1, 2)
B0 success, used 19,743,578 gas
B1 success, used 19,884,856 gas
(0, 0, 1)
Phase 4 success

Phase 5 winner decision:
B0 success, used 20,588,707 gas
B1 success, used 20,550,581 gas
Phase 5 success

winnerI = 1
 B 0 [B 1]
[  0]   1 
price = [1, 2]
Phase 6 payment:
B1 payed = 1 success, used 3,831,933 gas
Phase 6 success

B0 used 263,763,032 gas
B1 used 152,365,671 gas
