web3 connected!
Contract created success, used 8,924,813 gas
B0 x = 38084042172600203239899295005756514035038597446865599396029989728022340220958547581831919406601933846620233725480041644856825618517556619434455985229395533910625550820888650824678218450655935380328531008439472836578975229184185902649115290177578624645826810556411510971173262262573847844101192667143986647107
B1 x = 5856377726871633513543947391744796135893254341009798119015769610805840982029693480477944246832141508570988899422637852095445444681834793923287597580151247295544890153902750622106262457619467088384934739867682451981512130700161249879624974006691001017256345457062849239816999801655373419999825480237820985161

Phase 1 bidder init:
B0 success, used 1,216,875 gas
B1 success, used 1,241,425 gas
Wait for phase 1 ends:
wait 6.19 sec
Phase 1 success

Phase 2 bidder submit bid:
B0 bid_price_j = 0 success, used 2,251,452 gas
B1 bid_price_j = 1 success, used 2,273,163 gas
Phase 2 success

Phase 3.1 bidder verification sum 1:
B0 success, used 4,308,514 gas
B1 success, used 4,240,272 gas
Phase 3.2.1 bidder verification 01 omega:
B0 success, used 20,330,333 gas
Phase 3.2.2 bidder verification 01 dec:
B0 success, used 18,016,455 gas
B1 success, used 21,880,531 gas
Phase 3 success

Phase 4.1 second highest bid decision omega:
B0 success, used 10,833,704 gas
Phase 4.2 second highest bid decision dec:
(0, 1, 2)
B0 success, used 5,139,759 gas
B1 success, used 5,307,559 gas
(0, 0, 1)
Phase 4 success

Phase 5 winner decision:
B0 success, used 5,790,151 gas
B1 success, used 5,854,376 gas
Phase 5 success

winnerI = 1
 B 0 [B 1]
[  0]   1 
price = [1, 2]
Phase 6 payment:
B1 payed = 1 success, used 2,956,948 gas
Phase 6 success

B0 used 67,887,243 gas
B1 used 43,754,274 gas
