web3 connected!
Contract created success, used 6,929,392 gas
B0 x = 8111500167639655342929830719060709352469741375173903612210680238854957316469643644943509368240672564744713900684234117166440818576301626504792553283485794170946392999955359264974289931270901234468075373815846120185817947205391788200921208574578285616326459481299868045132343645499929255447059357220053975111397088099603836364977614733965286861571955937218552217673632447335529510905436204709607923348011331570806253134281264305329542946128928546121618456771868490828334537370854031561294228741108194376755454483171307494219674142987506473259574337983002666823525946730130906803432210205044543897065186024339581620885
B1 x = 5627828743389404241744233760964908456203920508799347172381070934256746116774102452861985895642052175842172440023462567159219887657449773734816781236112489152903755527180628000026258902661785539126059796808808291044503916788545168230280376689741538004803177056054885808006016440343285235105779909097348546217483147405864880169333364220338167939730572289829797470955846425921877310124818416754294581700986004617604093974525164193965752000897439328933442029750546078823180100675328766283079860194307201481268253799376909374891145903830856653777651932740722261019101989166984237214037622128600396234857448654278586013874
B2 x = 4400500096503607003842270370072326625075571344996946633944005941660802567839104383378689896126747532058422189606050784218107315231782500562421503982514442624004695695301301970480560273687096819628321924104765213315156960074097475019710388903021812339404823247299595949800364688134128311642434900777569328361946446661764744953865358917860660807480879199687262944824628862845801741864113678114683796384552473998934805498062355163680010450233059829990083848684366793544772278569880646749440955542232182549731296356110787722974941902378534489168251507078465635828306143592218302249351710599952879566700255653147782071903

Phase 1 bidder init:
B0 success, used 5,050,101 gas
B1 success, used 5,010,658 gas
B2 success, used 5,006,836 gas
Wait for phase 1 ends:
wait 0.52 sec
Phase 1 success

Phase 2 bidder submit bid:
B0 bid_price_j = 0 success, used 71,716,696 gas
B1 bid_price_j = 1 success, used 71,352,415 gas
B2 bid_price_j = 2 success, used 71,788,365 gas
Phase 2 success

Phase 3 M+1st price decision prepare:
B0 success, used 1,428,022 gas
B1 success, used 28,074,054 gas
B2 success, used 28,088,359 gas
Phase 3 success

Phase 4 M+1st price decision:
jM before = 0
B0 success, used 9,362,405 gas
B1 success, used 9,334,197 gas
B2 success, used 9,392,031 gas
jM after = 1
jM before = 1
B0 success, used 9,360,083 gas
B1 success, used 9,340,670 gas
B2 success, used 9,383,026 gas
jM after = 2
jM before = 2
B0 success, used 9,360,494 gas
B1 success, used 9,339,342 gas
B2 success, used 9,309,947 gas
jM after = 2
Phase 4 success

Phase 5 winner decision:
B2 success, used 13,915,645 gas
Phase 5 success

Phase 6 payment:
B2 payed = 2 success, used 372,458 gas
Phase 6 success

B0 used 106,277,801 gas
B1 used 132,451,336 gas
B2 used 147,256,667 gas
