web3 connected!
Contract created success, used 7,126,161 gas
B0 x = 1728822837810799478707713395031421431319427307685685592688925156527420940835788756719246627502169474015211672053563204647989661748243041794712320748451539607162187465257639365052238128635983524071365563486357209005373695918007687020753985165693162529116315662783431580178113208997567561996755606111479712133037574169962414627996624681144507240030570737807773133403704141816361619910651920489450012115741502433162613267231853555634206444989941549714979064669154878400334621008328378400836458173337178233491264958839317146837509985788107671792304859859971615038785773256713493395080983383716655265651570870787763410891663144060347700949478370985285654663848636481807144181691875473247824922561276714944684925923150664579208189731264473216938272903453385015623156800362001264866745726319811675768361431881880408428432215072462905834403657073666805617313008621777379154727264054960697796391117412657756407292365025020789565947911
B1 x = 1888569711557953987548146201819285396030007843249103524350910025868884446695578676633909254416450887302078699676096206771070447032548717068748383680330685850070241116728467217084397279134137584856325298783807503849632322662498861811762818501642206100672365032747695677467545920519527894758385859185828911397391715171336255699167299409465492278930546963894152756355135406371193688404662260298447420835487442670638179592328581009885142941877160649795951177954561228047132239182089569858380551366135308598560582332994442532203650016906535341443261466687059951566569109036426447161243119263745783424757029504312726914062906386769440507335761203913231962365760103558528478192340297766537370642729379549425317939573472928739269829304079561772201878330319665915351410936852823328975206168330820474581249872142848039668008043200285415963902359425166511413771261891811348840883799473654208451630542325412691773571823113943329124768228
B2 x = 1513306754119350703473340966599559190769499220226903259261257213374099436647550924642491176285415411589336036125335229529748352942869736245833002456294745826840262013556761094686099931150373315998799778084679679549921098690693103453875850247459583483226333849887734160562052863924426633237092664063607456590036133735997162021652591482310500305049059476577693055531281915411595875896058728785799555305218166679976687344993277047945755770723118762741117223002334203055259845555858242751672717378215032216649560692770333977627258972717245720498704937165779664520522069980728980241845515255428286827300399655952899576552306787657368714843936349165914739967602828976049817141864354925137347783480371607214113763290975644622146401751280232374243938920306968125342260805877576043830316617931790128545279153531136229907398554263480910191299297856424809071564156673693479622380611064393482338319975884983212088093612849604538654451926

Phase 1 bidder init:
B0 success, used 12,643,435 gas
B1 success, used 12,568,923 gas
B2 success, used 12,579,606 gas
Wait for phase 1 ends:
wait 0.00 sec
Phase 1 success

Phase 2 bidder submit bid:
B0 bid_price_j = 0 success, used 184,779,869 gas
B1 bid_price_j = 1 success, used 184,218,076 gas
B2 bid_price_j = 2 success, used 184,953,367 gas
Phase 2 success

Phase 3 M+1st price decision prepare:
B0 success, used 1,940,862 gas
B1 success, used 72,974,996 gas
B2 success, used 73,022,218 gas
Phase 3 success

Phase 4 M+1st price decision:
jM before = 0
B0 success, used 24,310,885 gas
B1 success, used 24,285,494 gas
B2 success, used 24,372,043 gas
jM after = 1
jM before = 1
B0 success, used 24,321,631 gas
B1 success, used 24,301,810 gas
B2 success, used 24,354,359 gas
jM after = 2
jM before = 2
B0 success, used 24,325,913 gas
B1 success, used 24,289,942 gas
B2 success, used 24,186,546 gas
jM after = 2
Phase 4 success

Phase 5 winner decision:
B2 success, used 36,299,216 gas
Phase 5 success

Phase 6 payment:
B2 payed = 2 success, used 388,305 gas
Phase 6 success

B0 used 272,322,595 gas
B1 used 342,639,241 gas
B2 used 380,155,660 gas
