web3 connected!
Contract created success, used 10,778,147 gas
B0 x = 61039586705436907245777559863298240077664086218528900536516090577869664834347727186120313246371482762431886979469103496138181826821368745470129920598706213952189847791478910015948897841737968275653789349484843835427619391325485031706775099512466040224194857510563417867978422897723960481593912629220120739526
B1 x = 62721234724444619388782825010166435093338274268070589145241435849368946064473758096812191793161389281685858933061251526308543691210668595821287281215324051175998293996534005305263998077084746849894652535248304525501401512844255420097700909333490732606225235483263602809659613877483930735072101272289985171498
B2 x = 14833507426776967284257287447636363725929537213490348764301175663230495380369384557484654272368029676655661802729376488685729472864866743322463414757601775380216858896594434509563736304186528273115664464434258542769885654392780901445911786723671811364005211997021931927774647202493084515397273213882942361669

Phase 1 bidder init:
B0 success, used 1,217,765 gas
B1 success, used 1,240,121 gas
B2 success, used 1,242,596 gas
Wait for phase 1 ends:
wait 6.20 sec
Phase 1 success

Phase 2 bidder submit bid:
B0 bid_price_j = 0 success, used 8,277,931 gas
B1 bid_price_j = 1 success, used 8,283,539 gas
B2 bid_price_j = 2 success, used 8,306,542 gas
Phase 2 success

Phase 3.1 bidder verification sum 1:
B0 success, used 6,616,140 gas
B1 success, used 6,598,297 gas
B2 success, used 6,563,976 gas
Phase 3.2.1 bidder verification 01 omega:
B0 success, used 96,919,656 gas
Phase 3.2.2 bidder verification 01 dec:
B0 success, used 45,140,434 gas
B1 success, used 45,006,757 gas
